<?xml version="1.0" encoding="UTF-8"?>
<!-- Generated by org.testng.reporters.JUnitReportReporter -->
<testsuite hostname="YANGXING7-N2GP4" name="com.test.api.FirstTest" tests="1" failures="0" timestamp="2 Sep 2019 06:21:01 GMT" time="0.006" errors="0">
  <testcase name="Test1" time="0.006" classname="com.test.api.FirstTest"/>
</testsuite> <!-- com.test.api.FirstTest -->
