<?xml version="1.0" encoding="UTF-8"?>
<!-- Generated by org.testng.reporters.JUnitReportReporter -->
<testsuite name="com.test.api.TestPost" tests="1" time="1.339" ignored="0" failures="0" timestamp="09 九月 2019 14:56:56 GMT" skipped="0" hostname="DESKTOP-5LMSSS3" errors="0">
  <testcase name="testPostRequest" time="1.339" classname="com.test.api.TestPost"/>
</testsuite> <!-- com.test.api.TestPost -->
