<?xml version="1.0" encoding="UTF-8"?>
<!-- Generated by org.testng.reporters.JUnitReportReporter -->
<testsuite hostname="YANGXING7-N2GP4" name="com.test.api.TestPost2" tests="1" failures="0" timestamp="9 Sep 2019 08:59:56 GMT" time="1.179" errors="0">
  <testcase name="testPostRequest" time="1.179" classname="com.test.api.TestPost2"/>
</testsuite> <!-- com.test.api.TestPost2 -->
